<?xml version="1.0" encoding="UTF-8"?>
<!-- Generated by org.testng.reporters.JUnitReportReporter -->
<testsuite hostname="WIN-1CN7BATF7HE" failures="0" tests="5" name="testCases.TC_003_LoginDDT" time="16.693" errors="0" timestamp="2024-12-30T10:53:32 IST" skipped="0">
  <testcase classname="testCases.TC_003_LoginDDT" name="verify_loginDDT" time="1.486"/>
  <testcase classname="testCases.TC_003_LoginDDT" name="verify_loginDDT" time="1.302"/>
  <testcase classname="testCases.TC_003_LoginDDT" name="verify_loginDDT" time="11.072"/>
  <testcase classname="testCases.TC_003_LoginDDT" name="verify_loginDDT" time="1.348"/>
  <testcase classname="testCases.TC_003_LoginDDT" name="verify_loginDDT" time="1.485"/>
</testsuite> <!-- testCases.TC_003_LoginDDT -->
